<?xml version="1.0" encoding="UTF-8"?>
<!-- Generated by org.testng.reporters.JUnitReportReporter -->
<testsuite hostname="DESKTOP-3MPB3BA" failures="0" tests="1" name="LMS_projects.Activity5" time="15.122" errors="0" timestamp="2020-11-20T10:58:19 IST" skipped="0">
  <testcase classname="LMS_projects.Activity5" name="Anotherpage" time="15.122"/>
  <system-out/>
</testsuite> <!-- LMS_projects.Activity5 -->
