<?xml version="1.0" encoding="UTF-8"?>
<!-- Generated by org.testng.reporters.JUnitReportReporter -->
<testsuite hostname="DESKTOP-3MPB3BA" failures="0" tests="1" name="LMS_projects.Activity6" time="17.456" errors="0" timestamp="2020-11-20T10:58:19 IST" skipped="0">
  <testcase classname="LMS_projects.Activity6" name="Login" time="17.456"/>
  <system-out/>
</testsuite> <!-- LMS_projects.Activity6 -->
